2025-02-12 11:46:39.433  INFO 26836 --- [restartedMain] com.wash.CrudApplication                 : Starting CrudApplication using Java 18.0.2 on 4BQM8R3 with PID 26836 (D:\mogo\mybatis-plus-sample-crud\target\classes started by liukunpeng in D:\mogo\mybatis-plus-sample-crud)
2025-02-12 11:46:39.434  INFO 26836 --- [restartedMain] com.wash.CrudApplication                 : No active profile set, falling back to default profiles: default
2025-02-12 11:46:39.475  INFO 26836 --- [restartedMain] .e.DevToolsPropertyDefaultsPostProcessor : Devtools property defaults active! Set 'spring.devtools.add-properties' to 'false' to disable
2025-02-12 11:46:39.475  INFO 26836 --- [restartedMain] .e.DevToolsPropertyDefaultsPostProcessor : For additional web related logging consider setting the 'logging.level.web' property to 'DEBUG'
2025-02-12 11:46:39.857  WARN 26836 --- [restartedMain] o.m.s.mapper.ClassPathMapperScanner      : Skipping MapperFactoryBean with name 'commodityOrderConsumeTbMapper' and 'com.wash.mapper.CommodityOrderConsumeTbMapper' mapperInterface. Bean already defined with the same name!
2025-02-12 11:46:39.858  WARN 26836 --- [restartedMain] o.m.s.mapper.ClassPathMapperScanner      : Skipping MapperFactoryBean with name 'commodityOrderProfitSharingTbMapper' and 'com.wash.mapper.CommodityOrderProfitSharingTbMapper' mapperInterface. Bean already defined with the same name!
2025-02-12 11:46:39.858  WARN 26836 --- [restartedMain] o.m.s.mapper.ClassPathMapperScanner      : Skipping MapperFactoryBean with name 'commodityOrderTransactionTbMapper' and 'com.wash.mapper.CommodityOrderTransactionTbMapper' mapperInterface. Bean already defined with the same name!
2025-02-12 11:46:39.858  WARN 26836 --- [restartedMain] o.m.s.mapper.ClassPathMapperScanner      : Skipping MapperFactoryBean with name 'commodityOrdersTbMapper' and 'com.wash.mapper.CommodityOrdersTbMapper' mapperInterface. Bean already defined with the same name!
2025-02-12 11:46:39.858  WARN 26836 --- [restartedMain] o.m.s.mapper.ClassPathMapperScanner      : Skipping MapperFactoryBean with name 'dailyPaperTbMapper' and 'com.wash.mapper.DailyPaperTbMapper' mapperInterface. Bean already defined with the same name!
2025-02-12 11:46:39.858  WARN 26836 --- [restartedMain] o.m.s.mapper.ClassPathMapperScanner      : Skipping MapperFactoryBean with name 'ensureIncomeTbMapper' and 'com.wash.mapper.EnsureIncomeTbMapper' mapperInterface. Bean already defined with the same name!
2025-02-12 11:46:39.858  WARN 26836 --- [restartedMain] o.m.s.mapper.ClassPathMapperScanner      : Skipping MapperFactoryBean with name 'faSettlementTbMapper' and 'com.wash.mapper.FaSettlementTbMapper' mapperInterface. Bean already defined with the same name!
2025-02-12 11:46:39.858  WARN 26836 --- [restartedMain] o.m.s.mapper.ClassPathMapperScanner      : Skipping MapperFactoryBean with name 'franchiseeSiteTbMapper' and 'com.wash.mapper.FranchiseeSiteTbMapper' mapperInterface. Bean already defined with the same name!
2025-02-12 11:46:39.858  WARN 26836 --- [restartedMain] o.m.s.mapper.ClassPathMapperScanner      : Skipping MapperFactoryBean with name 'franchiseeTbMapper' and 'com.wash.mapper.FranchiseeTbMapper' mapperInterface. Bean already defined with the same name!
2025-02-12 11:46:39.858  WARN 26836 --- [restartedMain] o.m.s.mapper.ClassPathMapperScanner      : Skipping MapperFactoryBean with name 'monthPaperTbMapper' and 'com.wash.mapper.MonthPaperTbMapper' mapperInterface. Bean already defined with the same name!
2025-02-12 11:46:39.858  WARN 26836 --- [restartedMain] o.m.s.mapper.ClassPathMapperScanner      : Skipping MapperFactoryBean with name 'ordersTbMapper' and 'com.wash.mapper.OrdersTbMapper' mapperInterface. Bean already defined with the same name!
2025-02-12 11:46:39.858  WARN 26836 --- [restartedMain] o.m.s.mapper.ClassPathMapperScanner      : Skipping MapperFactoryBean with name 'payTbMapper' and 'com.wash.mapper.PayTbMapper' mapperInterface. Bean already defined with the same name!
2025-02-12 11:46:39.858  WARN 26836 --- [restartedMain] o.m.s.mapper.ClassPathMapperScanner      : Skipping MapperFactoryBean with name 'siteLatestDataTbTbMapper' and 'com.wash.mapper.SiteLatestDataTbTbMapper' mapperInterface. Bean already defined with the same name!
2025-02-12 11:46:39.858  WARN 26836 --- [restartedMain] o.m.s.mapper.ClassPathMapperScanner      : Skipping MapperFactoryBean with name 'siteTbMapper' and 'com.wash.mapper.SiteTbMapper' mapperInterface. Bean already defined with the same name!
2025-02-12 11:46:39.858  WARN 26836 --- [restartedMain] o.m.s.mapper.ClassPathMapperScanner      : Skipping MapperFactoryBean with name 'vendorProfitSharingTbMapper' and 'com.wash.mapper.VendorProfitSharingTbMapper' mapperInterface. Bean already defined with the same name!
2025-02-12 11:46:39.859  WARN 26836 --- [restartedMain] o.m.s.mapper.ClassPathMapperScanner      : No MyBatis mapper was found in '[com.wash.mapper]' package. Please check your configuration.
2025-02-12 11:46:40.108  INFO 26836 --- [restartedMain] o.s.b.w.embedded.tomcat.TomcatWebServer  : Tomcat initialized with port(s): 8080 (http)
2025-02-12 11:46:40.124  INFO 26836 --- [restartedMain] o.apache.catalina.core.StandardService   : Starting service [Tomcat]
2025-02-12 11:46:40.124  INFO 26836 --- [restartedMain] org.apache.catalina.core.StandardEngine  : Starting Servlet engine: [Apache Tomcat/9.0.56]
2025-02-12 11:46:40.184  INFO 26836 --- [restartedMain] o.a.c.c.C.[Tomcat].[localhost].[/]       : Initializing Spring embedded WebApplicationContext
2025-02-12 11:46:40.184  INFO 26836 --- [restartedMain] w.s.c.ServletWebServerApplicationContext : Root WebApplicationContext: initialization completed in 708 ms
2025-02-12 11:46:40.834  INFO 26836 --- [restartedMain] o.s.b.d.a.OptionalLiveReloadServer       : LiveReload server is running on port 35729
2025-02-12 11:46:40.939  INFO 26836 --- [restartedMain] o.s.b.w.embedded.tomcat.TomcatWebServer  : Tomcat started on port(s): 8080 (http) with context path ''
2025-02-12 11:46:40.947  INFO 26836 --- [restartedMain] com.wash.CrudApplication                 : Started CrudApplication in 1.76 seconds (JVM running for 2.113)
2025-02-12 11:46:41.561  INFO 26836 --- [http-nio-8080-exec-2] o.a.c.c.C.[Tomcat].[localhost].[/]       : Initializing Spring DispatcherServlet 'dispatcherServlet'
2025-02-12 11:46:41.562  INFO 26836 --- [http-nio-8080-exec-2] o.s.web.servlet.DispatcherServlet        : Initializing Servlet 'dispatcherServlet'
2025-02-12 11:46:41.563  INFO 26836 --- [http-nio-8080-exec-2] o.s.web.servlet.DispatcherServlet        : Completed initialization in 1 ms
2025-02-12 11:46:41.624  INFO 26836 --- [http-nio-8080-exec-2] com.zaxxer.hikari.HikariDataSource       : HikariPool-1 - Starting...
2025-02-12 11:46:41.992  INFO 26836 --- [http-nio-8080-exec-2] com.zaxxer.hikari.HikariDataSource       : HikariPool-1 - Start completed.
2025-02-12 11:46:42.036  INFO 26836 --- [http-nio-8080-exec-2] p6spy                                    :  Consume Time：31 ms 2025-02-12 11:46:42
 Execute SQL：SELECT id,own_id,parent_id,site_id,own_percent,parent_percent,guaranteed_amount,settled_amount,operation_type,status,created_at,updated_at,deleted_at FROM franchisee_site_tb WHERE (own_id = 3273)

2025-02-12 11:46:42.078  INFO 26836 --- [http-nio-8080-exec-2] p6spy                                    :  Consume Time：27 ms 2025-02-12 11:46:42
 Execute SQL：SELECT id,own_id,date,site_id,type,rate,earnings,guarantee,created_at FROM fa_settlement_tb WHERE (date = 20240509 AND own_id = 3273 AND site_id = 951)

2025-02-12 11:46:42.411  INFO 26836 --- [http-nio-8080-exec-2] p6spy                                    :  Consume Time：329 ms 2025-02-12 11:46:42
 Execute SQL：SELECT id,uid,pay_sn,agreement_sn,site_id,amount,refund,pay_type,pay_for,activity_id,ip_addr,is_sandbox,transaction_id,callback_at,status,created_at,updated_at,ext,deleted_at,pay_from,mch_id,attach,payment,flag FROM pay_tb WHERE (status = 1 AND created_at >= 1715184000 AND created_at <= 1715270400 AND site_id = 951)

2025-02-12 11:46:42.443  INFO 26836 --- [http-nio-8080-exec-2] p6spy                                    :  Consume Time：27 ms 2025-02-12 11:46:42
 Execute SQL：SELECT id,order_id,deposit_order_id,uid,cid,site_id,pay_sn,status,express_num,expressd_at,rev_uid,rev_name,phone,addr,payment_type,ext,voucher_id,payment_deposit,payment_money,payment_balance,payment_total,price_total,refund_amount,created_at,deleted_at,updated_at,vip_duration,vip_expired_at,vip_quota,delivery_status,per_use_card,per_use_card_duration,per_use_card_expired_at,washer_fluid,timing,timing_duration,timing_expired_at,prepaid_duration,prepaid_expired_at,coupon_rule,coupon_duration,used_amount,used_quota,sku_id,count,parent_id,suit_id,remark,express_fee,freight_cost,sets,flag FROM commodity_orders_tb WHERE (pay_sn = '3042905239' AND site_id = 951)

2025-02-12 11:46:42.473  INFO 26836 --- [http-nio-8080-exec-2] p6spy                                    :  Consume Time：26 ms 2025-02-12 11:46:42
 Execute SQL：SELECT id,transaction_id,site_id,order_id,delivery_method,recharge_amount,cashback_amount,direct_amount,card_amount,deposit_amount,type,sub_type,related_id,flag,vendor,`desc`,created_at FROM commodity_order_profit_sharing_tb WHERE (site_id = 951 AND order_id = '6042905240')

2025-02-12 11:46:42.505  INFO 26836 --- [http-nio-8080-exec-2] p6spy                                    :  Consume Time：26 ms 2025-02-12 11:46:42
 Execute SQL：SELECT id,vendor_id,site_id,amount,type,sub_type,transaction_id,flag,created_at FROM vendor_profit_sharing_tb WHERE (site_id = 951 AND type = 1 AND vendor_id = 3273 AND transaction_id IN ('2579d6465264499a934d082c25ebd3ef'))

2025-02-12 11:46:42.535  INFO 26836 --- [http-nio-8080-exec-2] p6spy                                    :  Consume Time：26 ms 2025-02-12 11:46:42
 Execute SQL：SELECT id,order_id,type,site_id,machine_id,uid,plate_number,user_phone,agency_uid,combo_id,combo_type,combo_price,combo_time,payment_type,voucher_id,pay_sn,third_party_payment,payment_money,payment_balance,payment_prepaid,payment_total,agency_profit,status,washing_status,ext,start_at,end_at,created_at,updated_at,deleted_at,statistics_flag,effected_at,commodity_order_id,paid_cancel_at,lat,lng,distance,os,statistics_amount,flag FROM orders_tb WHERE (uid = 11805670 AND pay_sn = '3042905239' AND created_at >= 1715225110 AND created_at <= 0 AND site_id = 951)

2025-02-12 11:46:42.535  INFO 26836 --- [http-nio-8080-exec-2] com.wash.service.Selecter                : dfffffffffffffff
2025-02-12 11:46:42.563  INFO 26836 --- [http-nio-8080-exec-2] p6spy                                    :  Consume Time：26 ms 2025-02-12 11:46:42
 Execute SQL：SELECT id,order_id,deposit_order_id,uid,cid,site_id,pay_sn,status,express_num,expressd_at,rev_uid,rev_name,phone,addr,payment_type,ext,voucher_id,payment_deposit,payment_money,payment_balance,payment_total,price_total,refund_amount,created_at,deleted_at,updated_at,vip_duration,vip_expired_at,vip_quota,delivery_status,per_use_card,per_use_card_duration,per_use_card_expired_at,washer_fluid,timing,timing_duration,timing_expired_at,prepaid_duration,prepaid_expired_at,coupon_rule,coupon_duration,used_amount,used_quota,sku_id,count,parent_id,suit_id,remark,express_fee,freight_cost,sets,flag FROM commodity_orders_tb WHERE (pay_sn = '3042917321' AND site_id = 951)

2025-02-12 11:46:42.592  INFO 26836 --- [http-nio-8080-exec-2] p6spy                                    :  Consume Time：26 ms 2025-02-12 11:46:42
 Execute SQL：SELECT id,transaction_id,site_id,order_id,delivery_method,recharge_amount,cashback_amount,direct_amount,card_amount,deposit_amount,type,sub_type,related_id,flag,vendor,`desc`,created_at FROM commodity_order_profit_sharing_tb WHERE (site_id = 951 AND order_id = '6042917325')

2025-02-12 11:46:42.621  INFO 26836 --- [http-nio-8080-exec-2] p6spy                                    :  Consume Time：26 ms 2025-02-12 11:46:42
 Execute SQL：SELECT id,vendor_id,site_id,amount,type,sub_type,transaction_id,flag,created_at FROM vendor_profit_sharing_tb WHERE (site_id = 951 AND type = 1 AND vendor_id = 3273 AND transaction_id IN ('453fa9988fdb40a2b5d5f04498f2028b'))

2025-02-12 11:46:42.651  INFO 26836 --- [http-nio-8080-exec-2] p6spy                                    :  Consume Time：26 ms 2025-02-12 11:46:42
 Execute SQL：SELECT id,order_id,type,site_id,machine_id,uid,plate_number,user_phone,agency_uid,combo_id,combo_type,combo_price,combo_time,payment_type,voucher_id,pay_sn,third_party_payment,payment_money,payment_balance,payment_prepaid,payment_total,agency_profit,status,washing_status,ext,start_at,end_at,created_at,updated_at,deleted_at,statistics_flag,effected_at,commodity_order_id,paid_cancel_at,lat,lng,distance,os,statistics_amount,flag FROM orders_tb WHERE (uid = 11806047 AND pay_sn = '3042917321' AND created_at >= 1715242927 AND created_at <= 0 AND site_id = 951)

2025-02-12 11:46:42.652  INFO 26836 --- [http-nio-8080-exec-2] com.wash.service.Selecter                : dfffffffffffffff
2025-02-12 11:46:59.858  INFO 26836 --- [SpringApplicationShutdownHook] com.zaxxer.hikari.HikariDataSource       : HikariPool-1 - Shutdown initiated...
2025-02-12 11:46:59.862  INFO 26836 --- [SpringApplicationShutdownHook] com.zaxxer.hikari.HikariDataSource       : HikariPool-1 - Shutdown completed.
